<?xml version="1.0" encoding="UTF-8"?>
<!-- Generated by org.testng.reporters.JUnitReportReporter -->
<testsuite skipped="0" hostname="OJAS00202" name="testParallerRun.MyTestRun" tests="1" failures="0" timestamp="24 Dec 2019 07:11:41 GMT" time="10.073" errors="0">
  <testcase name="test" time="10.073" classname="testParallerRun.MyTestRun"/>
</testsuite> <!-- testParallerRun.MyTestRun -->
